Unidad 1/Ejercicios/SimonDice/app/build/intermediates/manifest_merge_blame_file/debug/manifest-merger-blame-debug-report.txt
1<?xml version="1.0" encoding="utf-8"?>
2<manifest xmlns:android="http://schemas.android.com/apk/res/android"
3    package="com.example.simondice"
4    android:versionCode="1"
5    android:versionName="1.0" >
6
7    <uses-sdk
8        android:minSdkVersion="24"
8-->src\main\AndroidManifest.xml
9        android:targetSdkVersion="33" />
9-->src\main\AndroidManifest.xml
10
11    <permission
11-->[androidx.core:core:1.10.0-beta01] AndroidManifest.xml:22:5-24:47
12        android:name="com.example.simondice.DYNAMIC_RECEIVER_NOT_EXPORTED_PERMISSION"
12-->[androidx.core:core:1.10.0-beta01] AndroidManifest.xml:23:9-81
13        android:protectionLevel="signature" />
13-->[androidx.core:core:1.10.0-beta01] AndroidManifest.xml:24:9-44
14
15    <uses-permission android:name="com.example.simondice.DYNAMIC_RECEIVER_NOT_EXPORTED_PERMISSION" />
15-->[androidx.core:core:1.10.0-beta01] AndroidManifest.xml:26:5-97
15-->[androidx.core:core:1.10.0-beta01] AndroidManifest.xml:26:22-94
16
17    <application
17-->src\main\AndroidManifest.xml:5:5-25:19
18        android:allowBackup="true"
18-->src\main\AndroidManifest.xml:6:9-35
19        android:appComponentFactory="androidx.core.app.CoreComponentFactory"
19-->[androidx.core:core:1.10.0-beta01] AndroidManifest.xml:28:18-86
20        android:dataExtractionRules="@xml/data_extraction_rules"
20-->src\main\AndroidManifest.xml:7:9-65
21        android:debuggable="true"
22        android:extractNativeLibs="false"
23        android:fullBackupContent="@xml/backup_rules"
23-->src\main\AndroidManifest.xml:8:9-54
24        android:icon="@mipmap/ic_launcher"
24-->src\main\AndroidManifest.xml:9:9-43
25        android:label="@string/app_name"
25-->src\main\AndroidManifest.xml:10:9-41
26        android:supportsRtl="true"
26-->src\main\AndroidManifest.xml:11:9-35
27        android:testOnly="true"
28        android:theme="@style/Theme.SimonDice" >
28-->src\main\AndroidManifest.xml:12:9-47
29        <activity
29-->src\main\AndroidManifest.xml:14:9-24:20
30            android:name="com.example.simondice.MainActivity"
30-->src\main\AndroidManifest.xml:15:13-41
31            android:exported="true"
31-->src\main\AndroidManifest.xml:16:13-36
32            android:label="@string/app_name"
32-->src\main\AndroidManifest.xml:17:13-45
33            android:theme="@style/Theme.SimonDice" >
33-->src\main\AndroidManifest.xml:18:13-51
34            <intent-filter>
34-->src\main\AndroidManifest.xml:19:13-23:29
35                <action android:name="android.intent.action.MAIN" />
35-->src\main\AndroidManifest.xml:20:17-69
35-->src\main\AndroidManifest.xml:20:25-66
36
37                <category android:name="android.intent.category.LAUNCHER" />
37-->src\main\AndroidManifest.xml:22:17-77
37-->src\main\AndroidManifest.xml:22:27-74
38            </intent-filter>
39        </activity>
40        <activity
40-->[androidx.compose.ui:ui-tooling:1.2.0] AndroidManifest.xml:24:9-26:39
41            android:name="androidx.compose.ui.tooling.PreviewActivity"
41-->[androidx.compose.ui:ui-tooling:1.2.0] AndroidManifest.xml:25:13-71
42            android:exported="true" />
42-->[androidx.compose.ui:ui-tooling:1.2.0] AndroidManifest.xml:26:13-36
43        <activity
43-->[androidx.compose.ui:ui-test-manifest:1.2.0] AndroidManifest.xml:24:9-26:39
44            android:name="androidx.activity.ComponentActivity"
44-->[androidx.compose.ui:ui-test-manifest:1.2.0] AndroidManifest.xml:25:13-63
45            android:exported="true" />
45-->[androidx.compose.ui:ui-test-manifest:1.2.0] AndroidManifest.xml:26:13-36
46
47        <provider
47-->[androidx.profileinstaller:profileinstaller:1.2.0] AndroidManifest.xml:25:9-33:20
48            android:name="androidx.startup.InitializationProvider"
48-->[androidx.profileinstaller:profileinstaller:1.2.0] AndroidManifest.xml:26:13-67
49            android:authorities="com.example.simondice.androidx-startup"
49-->[androidx.profileinstaller:profileinstaller:1.2.0] AndroidManifest.xml:27:13-68
50            android:exported="false" >
50-->[androidx.profileinstaller:profileinstaller:1.2.0] AndroidManifest.xml:28:13-37
51            <meta-data
51-->[androidx.profileinstaller:profileinstaller:1.2.0] AndroidManifest.xml:30:13-32:52
52                android:name="androidx.profileinstaller.ProfileInstallerInitializer"
52-->[androidx.profileinstaller:profileinstaller:1.2.0] AndroidManifest.xml:31:17-85
53                android:value="androidx.startup" />
53-->[androidx.profileinstaller:profileinstaller:1.2.0] AndroidManifest.xml:32:17-49
54        </provider>
55
56        <receiver
56-->[androidx.profileinstaller:profileinstaller:1.2.0] AndroidManifest.xml:35:9-47:20
57            android:name="androidx.profileinstaller.ProfileInstallReceiver"
57-->[androidx.profileinstaller:profileinstaller:1.2.0] AndroidManifest.xml:36:13-76
58            android:directBootAware="false"
58-->[androidx.profileinstaller:profileinstaller:1.2.0] AndroidManifest.xml:37:13-44
59            android:enabled="true"
59-->[androidx.profileinstaller:profileinstaller:1.2.0] AndroidManifest.xml:38:13-35
60            android:exported="true"
60-->[androidx.profileinstaller:profileinstaller:1.2.0] AndroidManifest.xml:39:13-36
61            android:permission="android.permission.DUMP" >
61-->[androidx.profileinstaller:profileinstaller:1.2.0] AndroidManifest.xml:40:13-57
62            <intent-filter>
62-->[androidx.profileinstaller:profileinstaller:1.2.0] AndroidManifest.xml:41:13-43:29
63                <action android:name="androidx.profileinstaller.action.INSTALL_PROFILE" />
63-->[androidx.profileinstaller:profileinstaller:1.2.0] AndroidManifest.xml:42:17-91
63-->[androidx.profileinstaller:profileinstaller:1.2.0] AndroidManifest.xml:42:25-88
64            </intent-filter>
65            <intent-filter>
65-->[androidx.profileinstaller:profileinstaller:1.2.0] AndroidManifest.xml:44:13-46:29
66                <action android:name="androidx.profileinstaller.action.SKIP_FILE" />
66-->[androidx.profileinstaller:profileinstaller:1.2.0] AndroidManifest.xml:45:17-85
66-->[androidx.profileinstaller:profileinstaller:1.2.0] AndroidManifest.xml:45:25-82
67            </intent-filter>
68        </receiver>
69    </application>
70
71</manifest>